This file contains any messages produced by compilers while
running configure, to aid debugging if configure makes a mistake.

It was created by meme configure 5.0.1, which was
generated by GNU Autoconf 2.69.  Invocation command line was

  $ ./configure --prefix= --enable-build-libxml2 --enable-build-libxslt

## --------- ##
## Platform. ##
## --------- ##

hostname = manish-Inspiron-7586
uname -m = x86_64
uname -r = 4.18.0-25-generic
uname -s = Linux
uname -v = #26~18.04.1-Ubuntu SMP Thu Jun 27 07:28:31 UTC 2019

/usr/bin/uname -p = unknown
/bin/uname -X     = unknown

/bin/arch              = unknown
/usr/bin/arch -k       = unknown
/usr/convex/getsysinfo = unknown
/usr/bin/hostinfo      = unknown
/bin/machine           = unknown
/usr/bin/oslevel       = unknown
/bin/universe          = unknown

PATH: /home/manish/.local/share/umake/bin
PATH: /home/manish/.nix-profile/bin
PATH: /home/manish/.local/bin
PATH: /home/manish/bin
PATH: /usr/local/sbin
PATH: /usr/local/bin
PATH: /usr/sbin
PATH: /usr/bin
PATH: /sbin
PATH: /bin
PATH: /usr/games
PATH: /usr/local/games
PATH: /snap/bin
PATH: /home/manish/bin/
PATH: /home/manish/bin/


## ----------- ##
## Core tests. ##
## ----------- ##

configure:2435: checking for a BSD-compatible install
configure:2503: result: /usr/bin/install -c
configure:2514: checking whether build environment is sane
configure:2569: result: yes
configure:2720: checking for a thread-safe mkdir -p
configure:2759: result: /bin/mkdir -p
configure:2766: checking for gawk
configure:2796: result: no
configure:2766: checking for mawk
configure:2782: found /usr/bin/mawk
configure:2793: result: mawk
configure:2804: checking whether make sets $(MAKE)
configure:2826: result: yes
configure:2855: checking whether make supports nested variables
configure:2872: result: yes
configure:3009: checking whether make supports nested variables
configure:3026: result: yes
configure:3088: checking for gcc
configure:3104: found /usr/bin/gcc
configure:3115: result: gcc
configure:3344: checking for C compiler version
configure:3353: gcc --version >&5
gcc (Ubuntu 7.4.0-1ubuntu1~18.04.1) 7.4.0
Copyright (C) 2017 Free Software Foundation, Inc.
This is free software; see the source for copying conditions.  There is NO
warranty; not even for MERCHANTABILITY or FITNESS FOR A PARTICULAR PURPOSE.

configure:3364: $? = 0
configure:3353: gcc -v >&5
Using built-in specs.
COLLECT_GCC=gcc
COLLECT_LTO_WRAPPER=/usr/lib/gcc/x86_64-linux-gnu/7/lto-wrapper
OFFLOAD_TARGET_NAMES=nvptx-none
OFFLOAD_TARGET_DEFAULT=1
Target: x86_64-linux-gnu
Configured with: ../src/configure -v --with-pkgversion='Ubuntu 7.4.0-1ubuntu1~18.04.1' --with-bugurl=file:///usr/share/doc/gcc-7/README.Bugs --enable-languages=c,ada,c++,go,brig,d,fortran,objc,obj-c++ --prefix=/usr --with-gcc-major-version-only --program-suffix=-7 --program-prefix=x86_64-linux-gnu- --enable-shared --enable-linker-build-id --libexecdir=/usr/lib --without-included-gettext --enable-threads=posix --libdir=/usr/lib --enable-nls --with-sysroot=/ --enable-clocale=gnu --enable-libstdcxx-debug --enable-libstdcxx-time=yes --with-default-libstdcxx-abi=new --enable-gnu-unique-object --disable-vtable-verify --enable-libmpx --enable-plugin --enable-default-pie --with-system-zlib --with-target-system-zlib --enable-objc-gc=auto --enable-multiarch --disable-werror --with-arch-32=i686 --with-abi=m64 --with-multilib-list=m32,m64,mx32 --enable-multilib --with-tune=generic --enable-offload-targets=nvptx-none --without-cuda-driver --enable-checking=release --build=x86_64-linux-gnu --host=x86_64-linux-gnu --target=x86_64-linux-gnu
Thread model: posix
gcc version 7.4.0 (Ubuntu 7.4.0-1ubuntu1~18.04.1) 
configure:3364: $? = 0
configure:3353: gcc -V >&5
gcc: error: unrecognized command line option '-V'
gcc: fatal error: no input files
compilation terminated.
configure:3364: $? = 1
configure:3353: gcc -qversion >&5
gcc: error: unrecognized command line option '-qversion'; did you mean '--version'?
gcc: fatal error: no input files
compilation terminated.
configure:3364: $? = 1
configure:3384: checking whether the C compiler works
configure:3406: gcc    conftest.c  >&5
configure:3410: $? = 0
configure:3458: result: yes
configure:3461: checking for C compiler default output file name
configure:3463: result: a.out
configure:3469: checking for suffix of executables
configure:3476: gcc -o conftest    conftest.c  >&5
configure:3480: $? = 0
configure:3502: result: 
configure:3524: checking whether we are cross compiling
configure:3532: gcc -o conftest    conftest.c  >&5
configure:3536: $? = 0
configure:3543: ./conftest
configure:3547: $? = 0
configure:3562: result: no
configure:3567: checking for suffix of object files
configure:3589: gcc -c   conftest.c >&5
configure:3593: $? = 0
configure:3614: result: o
configure:3618: checking whether we are using the GNU C compiler
configure:3637: gcc -c   conftest.c >&5
configure:3637: $? = 0
configure:3646: result: yes
configure:3655: checking whether gcc accepts -g
configure:3675: gcc -c -g  conftest.c >&5
configure:3675: $? = 0
configure:3716: result: yes
configure:3733: checking for gcc option to accept ISO C89
configure:3796: gcc  -c -g -O2  conftest.c >&5
configure:3796: $? = 0
configure:3809: result: none needed
configure:3834: checking whether gcc understands -c and -o together
configure:3856: gcc -c conftest.c -o conftest2.o
configure:3859: $? = 0
configure:3856: gcc -c conftest.c -o conftest2.o
configure:3859: $? = 0
configure:3871: result: yes
configure:3899: checking for style of include used by make
configure:3927: result: GNU
configure:3953: checking dependency style of gcc
configure:4064: result: gcc3
configure:4080: checking whether gcc and cc understand -c and -o together
configure:4111: gcc -c conftest.c -o conftest2.o >&5
configure:4115: $? = 0
configure:4121: gcc -c conftest.c -o conftest2.o >&5
configure:4125: $? = 0
configure:4136: cc -c conftest.c >&5
configure:4140: $? = 0
configure:4148: cc -c conftest.c -o conftest2.o >&5
configure:4152: $? = 0
configure:4158: cc -c conftest.c -o conftest2.o >&5
configure:4162: $? = 0
configure:4180: result: yes
configure:4219: checking build system type
configure:4233: result: x86_64-unknown-linux-gnu
configure:4253: checking host system type
configure:4266: result: x86_64-unknown-linux-gnu
configure:4307: checking how to print strings
configure:4334: result: printf
configure:4355: checking for a sed that does not truncate output
configure:4419: result: /bin/sed
configure:4437: checking for grep that handles long lines and -e
configure:4495: result: /bin/grep
configure:4500: checking for egrep
configure:4562: result: /bin/grep -E
configure:4567: checking for fgrep
configure:4629: result: /bin/grep -F
configure:4664: checking for ld used by gcc
configure:4731: result: /usr/bin/ld
configure:4738: checking if the linker (/usr/bin/ld) is GNU ld
configure:4753: result: yes
configure:4765: checking for BSD- or MS-compatible name lister (nm)
configure:4819: result: /usr/bin/nm -B
configure:4949: checking the name lister (/usr/bin/nm -B) interface
configure:4956: gcc -c -g -O2  conftest.c >&5
configure:4959: /usr/bin/nm -B "conftest.o"
configure:4962: output
0000000000000000 B some_variable
configure:4969: result: BSD nm
configure:4972: checking whether ln -s works
configure:4976: result: yes
configure:4984: checking the maximum length of command line arguments
configure:5115: result: 1572864
configure:5163: checking how to convert x86_64-unknown-linux-gnu file names to x86_64-unknown-linux-gnu format
configure:5203: result: func_convert_file_noop
configure:5210: checking how to convert x86_64-unknown-linux-gnu file names to toolchain format
configure:5230: result: func_convert_file_noop
configure:5237: checking for /usr/bin/ld option to reload object files
configure:5244: result: -r
configure:5318: checking for objdump
configure:5334: found /usr/bin/objdump
configure:5345: result: objdump
configure:5377: checking how to recognize dependent libraries
configure:5577: result: pass_all
configure:5662: checking for dlltool
configure:5692: result: no
configure:5722: checking how to associate runtime and link libraries
configure:5749: result: printf %s\n
configure:5810: checking for ar
configure:5826: found /usr/bin/ar
configure:5837: result: ar
configure:5874: checking for archiver @FILE support
configure:5891: gcc -c -g -O2  conftest.c >&5
configure:5891: $? = 0
configure:5894: ar cru libconftest.a @conftest.lst >&5
ar: `u' modifier ignored since `D' is the default (see `U')
configure:5897: $? = 0
configure:5902: ar cru libconftest.a @conftest.lst >&5
ar: `u' modifier ignored since `D' is the default (see `U')
ar: conftest.o: No such file or directory
configure:5905: $? = 1
configure:5917: result: @
configure:5975: checking for strip
configure:5991: found /usr/bin/strip
configure:6002: result: strip
configure:6074: checking for ranlib
configure:6090: found /usr/bin/ranlib
configure:6101: result: ranlib
configure:6203: checking command to parse /usr/bin/nm -B output from gcc object
configure:6356: gcc -c -g -O2  conftest.c >&5
configure:6359: $? = 0
configure:6363: /usr/bin/nm -B conftest.o \| sed -n -e 's/^.*[ ]\([ABCDGIRSTW][ABCDGIRSTW]*\)[ ][ ]*\([_A-Za-z][_A-Za-z0-9]*\)$/\1 \2 \2/p' | sed '/ __gnu_lto/d' \> conftest.nm
configure:6366: $? = 0
configure:6432: gcc -o conftest -g -O2   conftest.c conftstm.o >&5
configure:6435: $? = 0
configure:6473: result: ok
configure:6520: checking for sysroot
configure:6550: result: no
configure:6557: checking for a working dd
configure:6595: result: /bin/dd
configure:6599: checking how to truncate binary pipes
configure:6614: result: /bin/dd bs=4096 count=1
configure:6750: gcc -c -g -O2  conftest.c >&5
configure:6753: $? = 0
configure:6943: checking for mt
configure:6959: found /bin/mt
configure:6970: result: mt
configure:6993: checking if mt is a manifest tool
configure:6999: mt '-?'
configure:7007: result: no
configure:7684: checking how to run the C preprocessor
configure:7715: gcc -E  conftest.c
configure:7715: $? = 0
configure:7729: gcc -E  conftest.c
conftest.c:11:10: fatal error: ac_nonexistent.h: No such file or directory
 #include <ac_nonexistent.h>
          ^~~~~~~~~~~~~~~~~~
compilation terminated.
configure:7729: $? = 1
configure: failed program was:
| /* confdefs.h */
| #define PACKAGE_NAME "meme"
| #define PACKAGE_TARNAME "meme"
| #define PACKAGE_VERSION "5.0.1"
| #define PACKAGE_STRING "meme 5.0.1"
| #define PACKAGE_BUGREPORT ""
| #define PACKAGE_URL ""
| #define PACKAGE "meme"
| #define VERSION "5.0.1"
| /* end confdefs.h.  */
| #include <ac_nonexistent.h>
configure:7754: result: gcc -E
configure:7774: gcc -E  conftest.c
configure:7774: $? = 0
configure:7788: gcc -E  conftest.c
conftest.c:11:10: fatal error: ac_nonexistent.h: No such file or directory
 #include <ac_nonexistent.h>
          ^~~~~~~~~~~~~~~~~~
compilation terminated.
configure:7788: $? = 1
configure: failed program was:
| /* confdefs.h */
| #define PACKAGE_NAME "meme"
| #define PACKAGE_TARNAME "meme"
| #define PACKAGE_VERSION "5.0.1"
| #define PACKAGE_STRING "meme 5.0.1"
| #define PACKAGE_BUGREPORT ""
| #define PACKAGE_URL ""
| #define PACKAGE "meme"
| #define VERSION "5.0.1"
| /* end confdefs.h.  */
| #include <ac_nonexistent.h>
configure:7817: checking for ANSI C header files
configure:7837: gcc -c -g -O2  conftest.c >&5
configure:7837: $? = 0
configure:7910: gcc -o conftest -g -O2   conftest.c  >&5
configure:7910: $? = 0
configure:7910: ./conftest
configure:7910: $? = 0
configure:7921: result: yes
configure:7934: checking for sys/types.h
configure:7934: gcc -c -g -O2  conftest.c >&5
configure:7934: $? = 0
configure:7934: result: yes
configure:7934: checking for sys/stat.h
configure:7934: gcc -c -g -O2  conftest.c >&5
configure:7934: $? = 0
configure:7934: result: yes
configure:7934: checking for stdlib.h
configure:7934: gcc -c -g -O2  conftest.c >&5
configure:7934: $? = 0
configure:7934: result: yes
configure:7934: checking for string.h
configure:7934: gcc -c -g -O2  conftest.c >&5
configure:7934: $? = 0
configure:7934: result: yes
configure:7934: checking for memory.h
configure:7934: gcc -c -g -O2  conftest.c >&5
configure:7934: $? = 0
configure:7934: result: yes
configure:7934: checking for strings.h
configure:7934: gcc -c -g -O2  conftest.c >&5
configure:7934: $? = 0
configure:7934: result: yes
configure:7934: checking for inttypes.h
configure:7934: gcc -c -g -O2  conftest.c >&5
configure:7934: $? = 0
configure:7934: result: yes
configure:7934: checking for stdint.h
configure:7934: gcc -c -g -O2  conftest.c >&5
configure:7934: $? = 0
configure:7934: result: yes
configure:7934: checking for unistd.h
configure:7934: gcc -c -g -O2  conftest.c >&5
configure:7934: $? = 0
configure:7934: result: yes
configure:7948: checking for dlfcn.h
configure:7948: gcc -c -g -O2  conftest.c >&5
configure:7948: $? = 0
configure:7948: result: yes
configure:8204: checking for objdir
configure:8219: result: .libs
configure:8483: checking if gcc supports -fno-rtti -fno-exceptions
configure:8501: gcc -c -g -O2  -fno-rtti -fno-exceptions conftest.c >&5
cc1: warning: command line option '-fno-rtti' is valid for C++/ObjC++ but not for C
configure:8505: $? = 0
configure:8518: result: no
configure:8876: checking for gcc option to produce PIC
configure:8883: result: -fPIC -DPIC
configure:8891: checking if gcc PIC flag -fPIC -DPIC works
configure:8909: gcc -c -g -O2  -fPIC -DPIC -DPIC conftest.c >&5
configure:8913: $? = 0
configure:8926: result: yes
configure:8955: checking if gcc static flag -static works
configure:8983: result: yes
configure:8998: checking if gcc supports -c -o file.o
configure:9019: gcc -c -g -O2  -o out/conftest2.o conftest.c >&5
configure:9023: $? = 0
configure:9045: result: yes
configure:9053: checking if gcc supports -c -o file.o
configure:9100: result: yes
configure:9133: checking whether the gcc linker (/usr/bin/ld -m elf_x86_64) supports shared libraries
configure:10392: result: yes
configure:10429: checking whether -lc should be explicitly linked in
configure:10437: gcc -c -g -O2  conftest.c >&5
configure:10440: $? = 0
configure:10455: gcc -shared  -fPIC -DPIC conftest.o  -v -Wl,-soname -Wl,conftest -o conftest 2\>\&1 \| /bin/grep  -lc  \>/dev/null 2\>\&1
configure:10458: $? = 0
configure:10472: result: no
configure:10632: checking dynamic linker characteristics
configure:11213: gcc -o conftest -g -O2   -Wl,-rpath -Wl,/foo conftest.c  >&5
configure:11213: $? = 0
configure:11450: result: GNU/Linux ld.so
configure:11572: checking how to hardcode library paths into programs
configure:11597: result: immediate
configure:12145: checking whether stripping libraries is possible
configure:12150: result: yes
configure:12185: checking if libtool supports shared libraries
configure:12187: result: yes
configure:12190: checking whether to build shared libraries
configure:12215: result: yes
configure:12218: checking whether to build static libraries
configure:12222: result: yes
configure:12260: checking whether make sets $(MAKE)
configure:12282: result: yes
configure:12293: checking for ld
configure:12323: result: /usr/bin/ld -m elf_x86_64
configure:12333: checking for sed
configure:12363: result: /bin/sed
configure:12373: checking for sendmail
configure:12405: result: /usr/lib/sendmail
configure:12415: checking for perl
configure:12433: found /usr/bin/perl
configure:12445: result: /usr/bin/perl
configure:12455: checking for python
configure:12473: found /usr/bin/python
configure:12485: result: /usr/bin/python
configure:12495: checking for python3
configure:12525: result: /usr/bin/python
configure:12535: checking for convert
configure:12553: found /usr/bin/convert
configure:12565: result: /usr/bin/convert
configure:12575: checking for gs
configure:12593: found /usr/bin/gs
configure:12605: result: /usr/bin/gs
configure:12615: checking for xml2-config
configure:12633: found /usr/bin/xml2-config
configure:12645: result: /usr/bin/xml2-config
configure:12655: checking for xslt-config
configure:12688: result: no
configure:12695: checking for ant
configure:12728: result: no
configure:12741: checking for isnan, sqrt, log, exp, fabs, pow, floor, ceil in -lm
configure:12766: gcc -o conftest -g -O2   conftest.c -lm   >&5
conftest.c:31:6: warning: built-in function 'isnan' declared as non-function
 char isnan, sqrt, log, exp, fabs, pow, floor, ceil ();
      ^~~~~
conftest.c:31:13: warning: built-in function 'sqrt' declared as non-function
 char isnan, sqrt, log, exp, fabs, pow, floor, ceil ();
             ^~~~
conftest.c:31:19: warning: built-in function 'log' declared as non-function
 char isnan, sqrt, log, exp, fabs, pow, floor, ceil ();
                   ^~~
conftest.c:31:24: warning: built-in function 'exp' declared as non-function
 char isnan, sqrt, log, exp, fabs, pow, floor, ceil ();
                        ^~~
conftest.c:31:29: warning: built-in function 'fabs' declared as non-function
 char isnan, sqrt, log, exp, fabs, pow, floor, ceil ();
                             ^~~~
conftest.c:31:35: warning: built-in function 'pow' declared as non-function
 char isnan, sqrt, log, exp, fabs, pow, floor, ceil ();
                                   ^~~
conftest.c:31:40: warning: built-in function 'floor' declared as non-function
 char isnan, sqrt, log, exp, fabs, pow, floor, ceil ();
                                        ^~~~~
conftest.c:31:47: warning: conflicting types for built-in function 'ceil' [-Wbuiltin-declaration-mismatch]
 char isnan, sqrt, log, exp, fabs, pow, floor, ceil ();
                                               ^~~~
configure:12766: $? = 0
configure:12775: result: yes
configure:12789: checking for compress in -lz
configure:12814: gcc -o conftest -g -O2   conftest.c -lz  -lm  >&5
configure:12814: $? = 0
configure:12823: result: yes
configure:12839: checking for ANSI C header files
configure:12943: result: yes
configure:12951: checking for sys/wait.h that is POSIX.1 compatible
configure:12977: gcc -c -g -O2  conftest.c >&5
configure:12977: $? = 0
configure:12984: result: yes
configure:12995: checking arpa/inet.h usability
configure:12995: gcc -c -g -O2  conftest.c >&5
configure:12995: $? = 0
configure:12995: result: yes
configure:12995: checking arpa/inet.h presence
configure:12995: gcc -E  conftest.c
configure:12995: $? = 0
configure:12995: result: yes
configure:12995: checking for arpa/inet.h
configure:12995: result: yes
configure:12995: checking ctype.h usability
configure:12995: gcc -c -g -O2  conftest.c >&5
configure:12995: $? = 0
configure:12995: result: yes
configure:12995: checking ctype.h presence
configure:12995: gcc -E  conftest.c
configure:12995: $? = 0
configure:12995: result: yes
configure:12995: checking for ctype.h
configure:12995: result: yes
configure:12995: checking fcntl.h usability
configure:12995: gcc -c -g -O2  conftest.c >&5
configure:12995: $? = 0
configure:12995: result: yes
configure:12995: checking fcntl.h presence
configure:12995: gcc -E  conftest.c
configure:12995: $? = 0
configure:12995: result: yes
configure:12995: checking for fcntl.h
configure:12995: result: yes
configure:12995: checking limits.h usability
configure:12995: gcc -c -g -O2  conftest.c >&5
configure:12995: $? = 0
configure:12995: result: yes
configure:12995: checking limits.h presence
configure:12995: gcc -E  conftest.c
configure:12995: $? = 0
configure:12995: result: yes
configure:12995: checking for limits.h
configure:12995: result: yes
configure:12995: checking netdb.h usability
configure:12995: gcc -c -g -O2  conftest.c >&5
configure:12995: $? = 0
configure:12995: result: yes
configure:12995: checking netdb.h presence
configure:12995: gcc -E  conftest.c
configure:12995: $? = 0
configure:12995: result: yes
configure:12995: checking for netdb.h
configure:12995: result: yes
configure:12995: checking netinet/in.h usability
configure:12995: gcc -c -g -O2  conftest.c >&5
configure:12995: $? = 0
configure:12995: result: yes
configure:12995: checking netinet/in.h presence
configure:12995: gcc -E  conftest.c
configure:12995: $? = 0
configure:12995: result: yes
configure:12995: checking for netinet/in.h
configure:12995: result: yes
configure:12995: checking for stdlib.h
configure:12995: result: yes
configure:12995: checking for string.h
configure:12995: result: yes
configure:12995: checking for strings.h
configure:12995: result: yes
configure:12995: checking sys/socket.h usability
configure:12995: gcc -c -g -O2  conftest.c >&5
configure:12995: $? = 0
configure:12995: result: yes
configure:12995: checking sys/socket.h presence
configure:12995: gcc -E  conftest.c
configure:12995: $? = 0
configure:12995: result: yes
configure:12995: checking for sys/socket.h
configure:12995: result: yes
configure:12995: checking sys/time.h usability
configure:12995: gcc -c -g -O2  conftest.c >&5
configure:12995: $? = 0
configure:12995: result: yes
configure:12995: checking sys/time.h presence
configure:12995: gcc -E  conftest.c
configure:12995: $? = 0
configure:12995: result: yes
configure:12995: checking for sys/time.h
configure:12995: result: yes
configure:12995: checking for unistd.h
configure:12995: result: yes
configure:13007: checking for an ANSI C-conforming const
configure:13073: gcc -c -g -O2  conftest.c >&5
configure:13073: $? = 0
configure:13080: result: yes
configure:13088: checking for stdbool.h that conforms to C99
configure:13155: gcc -c -g -O2  conftest.c >&5
configure:13155: $? = 0
configure:13162: result: yes
configure:13164: checking for _Bool
configure:13164: gcc -c -g -O2  conftest.c >&5
configure:13164: $? = 0
configure:13164: gcc -c -g -O2  conftest.c >&5
conftest.c: In function 'main':
conftest.c:76:20: error: expected expression before ')' token
 if (sizeof ((_Bool)))
                    ^
configure:13164: $? = 1
configure: failed program was:
| /* confdefs.h */
| #define PACKAGE_NAME "meme"
| #define PACKAGE_TARNAME "meme"
| #define PACKAGE_VERSION "5.0.1"
| #define PACKAGE_STRING "meme 5.0.1"
| #define PACKAGE_BUGREPORT ""
| #define PACKAGE_URL ""
| #define PACKAGE "meme"
| #define VERSION "5.0.1"
| #define STDC_HEADERS 1
| #define HAVE_SYS_TYPES_H 1
| #define HAVE_SYS_STAT_H 1
| #define HAVE_STDLIB_H 1
| #define HAVE_STRING_H 1
| #define HAVE_MEMORY_H 1
| #define HAVE_STRINGS_H 1
| #define HAVE_INTTYPES_H 1
| #define HAVE_STDINT_H 1
| #define HAVE_UNISTD_H 1
| #define HAVE_DLFCN_H 1
| #define LT_OBJDIR ".libs/"
| #define HOSTNAME "manish-Inspiron-7586"
| #define HAVE_LIBM 1
| #define HAVE_LIBZ 1
| #define STDC_HEADERS 1
| #define HAVE_SYS_WAIT_H 1
| #define HAVE_ARPA_INET_H 1
| #define HAVE_CTYPE_H 1
| #define HAVE_FCNTL_H 1
| #define HAVE_LIMITS_H 1
| #define HAVE_NETDB_H 1
| #define HAVE_NETINET_IN_H 1
| #define HAVE_STDLIB_H 1
| #define HAVE_STRING_H 1
| #define HAVE_STRINGS_H 1
| #define HAVE_SYS_SOCKET_H 1
| #define HAVE_SYS_TIME_H 1
| #define HAVE_UNISTD_H 1
| /* end confdefs.h.  */
| #include <stdio.h>
| #ifdef HAVE_SYS_TYPES_H
| # include <sys/types.h>
| #endif
| #ifdef HAVE_SYS_STAT_H
| # include <sys/stat.h>
| #endif
| #ifdef STDC_HEADERS
| # include <stdlib.h>
| # include <stddef.h>
| #else
| # ifdef HAVE_STDLIB_H
| #  include <stdlib.h>
| # endif
| #endif
| #ifdef HAVE_STRING_H
| # if !defined STDC_HEADERS && defined HAVE_MEMORY_H
| #  include <memory.h>
| # endif
| # include <string.h>
| #endif
| #ifdef HAVE_STRINGS_H
| # include <strings.h>
| #endif
| #ifdef HAVE_INTTYPES_H
| # include <inttypes.h>
| #endif
| #ifdef HAVE_STDINT_H
| # include <stdint.h>
| #endif
| #ifdef HAVE_UNISTD_H
| # include <unistd.h>
| #endif
| int
| main ()
| {
| if (sizeof ((_Bool)))
| 	    return 0;
|   ;
|   return 0;
| }
configure:13164: result: yes
configure:13181: checking for pid_t
configure:13181: gcc -c -g -O2  conftest.c >&5
configure:13181: $? = 0
configure:13181: gcc -c -g -O2  conftest.c >&5
conftest.c: In function 'main':
conftest.c:78:20: error: expected expression before ')' token
 if (sizeof ((pid_t)))
                    ^
configure:13181: $? = 1
configure: failed program was:
| /* confdefs.h */
| #define PACKAGE_NAME "meme"
| #define PACKAGE_TARNAME "meme"
| #define PACKAGE_VERSION "5.0.1"
| #define PACKAGE_STRING "meme 5.0.1"
| #define PACKAGE_BUGREPORT ""
| #define PACKAGE_URL ""
| #define PACKAGE "meme"
| #define VERSION "5.0.1"
| #define STDC_HEADERS 1
| #define HAVE_SYS_TYPES_H 1
| #define HAVE_SYS_STAT_H 1
| #define HAVE_STDLIB_H 1
| #define HAVE_STRING_H 1
| #define HAVE_MEMORY_H 1
| #define HAVE_STRINGS_H 1
| #define HAVE_INTTYPES_H 1
| #define HAVE_STDINT_H 1
| #define HAVE_UNISTD_H 1
| #define HAVE_DLFCN_H 1
| #define LT_OBJDIR ".libs/"
| #define HOSTNAME "manish-Inspiron-7586"
| #define HAVE_LIBM 1
| #define HAVE_LIBZ 1
| #define STDC_HEADERS 1
| #define HAVE_SYS_WAIT_H 1
| #define HAVE_ARPA_INET_H 1
| #define HAVE_CTYPE_H 1
| #define HAVE_FCNTL_H 1
| #define HAVE_LIMITS_H 1
| #define HAVE_NETDB_H 1
| #define HAVE_NETINET_IN_H 1
| #define HAVE_STDLIB_H 1
| #define HAVE_STRING_H 1
| #define HAVE_STRINGS_H 1
| #define HAVE_SYS_SOCKET_H 1
| #define HAVE_SYS_TIME_H 1
| #define HAVE_UNISTD_H 1
| #define HAVE__BOOL 1
| #define HAVE_STDBOOL_H 1
| /* end confdefs.h.  */
| #include <stdio.h>
| #ifdef HAVE_SYS_TYPES_H
| # include <sys/types.h>
| #endif
| #ifdef HAVE_SYS_STAT_H
| # include <sys/stat.h>
| #endif
| #ifdef STDC_HEADERS
| # include <stdlib.h>
| # include <stddef.h>
| #else
| # ifdef HAVE_STDLIB_H
| #  include <stdlib.h>
| # endif
| #endif
| #ifdef HAVE_STRING_H
| # if !defined STDC_HEADERS && defined HAVE_MEMORY_H
| #  include <memory.h>
| # endif
| # include <string.h>
| #endif
| #ifdef HAVE_STRINGS_H
| # include <strings.h>
| #endif
| #ifdef HAVE_INTTYPES_H
| # include <inttypes.h>
| #endif
| #ifdef HAVE_STDINT_H
| # include <stdint.h>
| #endif
| #ifdef HAVE_UNISTD_H
| # include <unistd.h>
| #endif
| int
| main ()
| {
| if (sizeof ((pid_t)))
| 	    return 0;
|   ;
|   return 0;
| }
configure:13181: result: yes
configure:13192: checking for size_t
configure:13192: gcc -c -g -O2  conftest.c >&5
configure:13192: $? = 0
configure:13192: gcc -c -g -O2  conftest.c >&5
conftest.c: In function 'main':
conftest.c:78:21: error: expected expression before ')' token
 if (sizeof ((size_t)))
                     ^
configure:13192: $? = 1
configure: failed program was:
| /* confdefs.h */
| #define PACKAGE_NAME "meme"
| #define PACKAGE_TARNAME "meme"
| #define PACKAGE_VERSION "5.0.1"
| #define PACKAGE_STRING "meme 5.0.1"
| #define PACKAGE_BUGREPORT ""
| #define PACKAGE_URL ""
| #define PACKAGE "meme"
| #define VERSION "5.0.1"
| #define STDC_HEADERS 1
| #define HAVE_SYS_TYPES_H 1
| #define HAVE_SYS_STAT_H 1
| #define HAVE_STDLIB_H 1
| #define HAVE_STRING_H 1
| #define HAVE_MEMORY_H 1
| #define HAVE_STRINGS_H 1
| #define HAVE_INTTYPES_H 1
| #define HAVE_STDINT_H 1
| #define HAVE_UNISTD_H 1
| #define HAVE_DLFCN_H 1
| #define LT_OBJDIR ".libs/"
| #define HOSTNAME "manish-Inspiron-7586"
| #define HAVE_LIBM 1
| #define HAVE_LIBZ 1
| #define STDC_HEADERS 1
| #define HAVE_SYS_WAIT_H 1
| #define HAVE_ARPA_INET_H 1
| #define HAVE_CTYPE_H 1
| #define HAVE_FCNTL_H 1
| #define HAVE_LIMITS_H 1
| #define HAVE_NETDB_H 1
| #define HAVE_NETINET_IN_H 1
| #define HAVE_STDLIB_H 1
| #define HAVE_STRING_H 1
| #define HAVE_STRINGS_H 1
| #define HAVE_SYS_SOCKET_H 1
| #define HAVE_SYS_TIME_H 1
| #define HAVE_UNISTD_H 1
| #define HAVE__BOOL 1
| #define HAVE_STDBOOL_H 1
| /* end confdefs.h.  */
| #include <stdio.h>
| #ifdef HAVE_SYS_TYPES_H
| # include <sys/types.h>
| #endif
| #ifdef HAVE_SYS_STAT_H
| # include <sys/stat.h>
| #endif
| #ifdef STDC_HEADERS
| # include <stdlib.h>
| # include <stddef.h>
| #else
| # ifdef HAVE_STDLIB_H
| #  include <stdlib.h>
| # endif
| #endif
| #ifdef HAVE_STRING_H
| # if !defined STDC_HEADERS && defined HAVE_MEMORY_H
| #  include <memory.h>
| # endif
| # include <string.h>
| #endif
| #ifdef HAVE_STRINGS_H
| # include <strings.h>
| #endif
| #ifdef HAVE_INTTYPES_H
| # include <inttypes.h>
| #endif
| #ifdef HAVE_STDINT_H
| # include <stdint.h>
| #endif
| #ifdef HAVE_UNISTD_H
| # include <unistd.h>
| #endif
| int
| main ()
| {
| if (sizeof ((size_t)))
| 	    return 0;
|   ;
|   return 0;
| }
configure:13192: result: yes
configure:13207: checking vfork.h usability
configure:13207: gcc -c -g -O2  conftest.c >&5
conftest.c:75:10: fatal error: vfork.h: No such file or directory
 #include <vfork.h>
          ^~~~~~~~~
compilation terminated.
configure:13207: $? = 1
configure: failed program was:
| /* confdefs.h */
| #define PACKAGE_NAME "meme"
| #define PACKAGE_TARNAME "meme"
| #define PACKAGE_VERSION "5.0.1"
| #define PACKAGE_STRING "meme 5.0.1"
| #define PACKAGE_BUGREPORT ""
| #define PACKAGE_URL ""
| #define PACKAGE "meme"
| #define VERSION "5.0.1"
| #define STDC_HEADERS 1
| #define HAVE_SYS_TYPES_H 1
| #define HAVE_SYS_STAT_H 1
| #define HAVE_STDLIB_H 1
| #define HAVE_STRING_H 1
| #define HAVE_MEMORY_H 1
| #define HAVE_STRINGS_H 1
| #define HAVE_INTTYPES_H 1
| #define HAVE_STDINT_H 1
| #define HAVE_UNISTD_H 1
| #define HAVE_DLFCN_H 1
| #define LT_OBJDIR ".libs/"
| #define HOSTNAME "manish-Inspiron-7586"
| #define HAVE_LIBM 1
| #define HAVE_LIBZ 1
| #define STDC_HEADERS 1
| #define HAVE_SYS_WAIT_H 1
| #define HAVE_ARPA_INET_H 1
| #define HAVE_CTYPE_H 1
| #define HAVE_FCNTL_H 1
| #define HAVE_LIMITS_H 1
| #define HAVE_NETDB_H 1
| #define HAVE_NETINET_IN_H 1
| #define HAVE_STDLIB_H 1
| #define HAVE_STRING_H 1
| #define HAVE_STRINGS_H 1
| #define HAVE_SYS_SOCKET_H 1
| #define HAVE_SYS_TIME_H 1
| #define HAVE_UNISTD_H 1
| #define HAVE__BOOL 1
| #define HAVE_STDBOOL_H 1
| /* end confdefs.h.  */
| #include <stdio.h>
| #ifdef HAVE_SYS_TYPES_H
| # include <sys/types.h>
| #endif
| #ifdef HAVE_SYS_STAT_H
| # include <sys/stat.h>
| #endif
| #ifdef STDC_HEADERS
| # include <stdlib.h>
| # include <stddef.h>
| #else
| # ifdef HAVE_STDLIB_H
| #  include <stdlib.h>
| # endif
| #endif
| #ifdef HAVE_STRING_H
| # if !defined STDC_HEADERS && defined HAVE_MEMORY_H
| #  include <memory.h>
| # endif
| # include <string.h>
| #endif
| #ifdef HAVE_STRINGS_H
| # include <strings.h>
| #endif
| #ifdef HAVE_INTTYPES_H
| # include <inttypes.h>
| #endif
| #ifdef HAVE_STDINT_H
| # include <stdint.h>
| #endif
| #ifdef HAVE_UNISTD_H
| # include <unistd.h>
| #endif
| #include <vfork.h>
configure:13207: result: no
configure:13207: checking vfork.h presence
configure:13207: gcc -E  conftest.c
conftest.c:42:10: fatal error: vfork.h: No such file or directory
 #include <vfork.h>
          ^~~~~~~~~
compilation terminated.
configure:13207: $? = 1
configure: failed program was:
| /* confdefs.h */
| #define PACKAGE_NAME "meme"
| #define PACKAGE_TARNAME "meme"
| #define PACKAGE_VERSION "5.0.1"
| #define PACKAGE_STRING "meme 5.0.1"
| #define PACKAGE_BUGREPORT ""
| #define PACKAGE_URL ""
| #define PACKAGE "meme"
| #define VERSION "5.0.1"
| #define STDC_HEADERS 1
| #define HAVE_SYS_TYPES_H 1
| #define HAVE_SYS_STAT_H 1
| #define HAVE_STDLIB_H 1
| #define HAVE_STRING_H 1
| #define HAVE_MEMORY_H 1
| #define HAVE_STRINGS_H 1
| #define HAVE_INTTYPES_H 1
| #define HAVE_STDINT_H 1
| #define HAVE_UNISTD_H 1
| #define HAVE_DLFCN_H 1
| #define LT_OBJDIR ".libs/"
| #define HOSTNAME "manish-Inspiron-7586"
| #define HAVE_LIBM 1
| #define HAVE_LIBZ 1
| #define STDC_HEADERS 1
| #define HAVE_SYS_WAIT_H 1
| #define HAVE_ARPA_INET_H 1
| #define HAVE_CTYPE_H 1
| #define HAVE_FCNTL_H 1
| #define HAVE_LIMITS_H 1
| #define HAVE_NETDB_H 1
| #define HAVE_NETINET_IN_H 1
| #define HAVE_STDLIB_H 1
| #define HAVE_STRING_H 1
| #define HAVE_STRINGS_H 1
| #define HAVE_SYS_SOCKET_H 1
| #define HAVE_SYS_TIME_H 1
| #define HAVE_UNISTD_H 1
| #define HAVE__BOOL 1
| #define HAVE_STDBOOL_H 1
| /* end confdefs.h.  */
| #include <vfork.h>
configure:13207: result: no
configure:13207: checking for vfork.h
configure:13207: result: no
configure:13220: checking for fork
configure:13220: gcc -o conftest -g -O2   conftest.c -lz -lm  >&5
conftest.c:65:6: warning: conflicting types for built-in function 'fork' [-Wbuiltin-declaration-mismatch]
 char fork ();
      ^~~~
configure:13220: $? = 0
configure:13220: result: yes
configure:13220: checking for vfork
configure:13220: gcc -o conftest -g -O2   conftest.c -lz -lm  >&5
configure:13220: $? = 0
configure:13220: result: yes
configure:13230: checking for working fork
configure:13252: gcc -o conftest -g -O2   conftest.c -lz -lm  >&5
configure:13252: $? = 0
configure:13252: ./conftest
configure:13252: $? = 0
configure:13262: result: yes
configure:13283: checking for working vfork
configure:13393: result: yes
configure:13420: checking for stdlib.h
configure:13420: result: yes
configure:13430: checking for GNU libc compatible malloc
configure:13454: gcc -o conftest -g -O2   conftest.c -lz -lm  >&5
configure:13454: $? = 0
configure:13454: ./conftest
configure:13454: $? = 0
configure:13464: result: yes
configure:13487: checking for stdlib.h
configure:13487: result: yes
configure:13497: checking for GNU libc compatible realloc
configure:13521: gcc -o conftest -g -O2   conftest.c -lz -lm  >&5
configure:13521: $? = 0
configure:13521: ./conftest
configure:13521: $? = 0
configure:13531: result: yes
configure:13552: checking return type of signal handlers
configure:13570: gcc -c -g -O2  conftest.c >&5
conftest.c: In function 'main':
conftest.c:56:10: error: void value not ignored as it ought to be
 return *(signal (0, 0)) (0) == 1;
         ~^~~~~~~~~~~~~~~~~~
configure:13570: $? = 1
configure: failed program was:
| /* confdefs.h */
| #define PACKAGE_NAME "meme"
| #define PACKAGE_TARNAME "meme"
| #define PACKAGE_VERSION "5.0.1"
| #define PACKAGE_STRING "meme 5.0.1"
| #define PACKAGE_BUGREPORT ""
| #define PACKAGE_URL ""
| #define PACKAGE "meme"
| #define VERSION "5.0.1"
| #define STDC_HEADERS 1
| #define HAVE_SYS_TYPES_H 1
| #define HAVE_SYS_STAT_H 1
| #define HAVE_STDLIB_H 1
| #define HAVE_STRING_H 1
| #define HAVE_MEMORY_H 1
| #define HAVE_STRINGS_H 1
| #define HAVE_INTTYPES_H 1
| #define HAVE_STDINT_H 1
| #define HAVE_UNISTD_H 1
| #define HAVE_DLFCN_H 1
| #define LT_OBJDIR ".libs/"
| #define HOSTNAME "manish-Inspiron-7586"
| #define HAVE_LIBM 1
| #define HAVE_LIBZ 1
| #define STDC_HEADERS 1
| #define HAVE_SYS_WAIT_H 1
| #define HAVE_ARPA_INET_H 1
| #define HAVE_CTYPE_H 1
| #define HAVE_FCNTL_H 1
| #define HAVE_LIMITS_H 1
| #define HAVE_NETDB_H 1
| #define HAVE_NETINET_IN_H 1
| #define HAVE_STDLIB_H 1
| #define HAVE_STRING_H 1
| #define HAVE_STRINGS_H 1
| #define HAVE_SYS_SOCKET_H 1
| #define HAVE_SYS_TIME_H 1
| #define HAVE_UNISTD_H 1
| #define HAVE__BOOL 1
| #define HAVE_STDBOOL_H 1
| #define HAVE_FORK 1
| #define HAVE_VFORK 1
| #define HAVE_WORKING_VFORK 1
| #define HAVE_WORKING_FORK 1
| #define HAVE_STDLIB_H 1
| #define HAVE_MALLOC 1
| #define HAVE_STDLIB_H 1
| #define HAVE_REALLOC 1
| /* end confdefs.h.  */
| #include <sys/types.h>
| #include <signal.h>
| 
| int
| main ()
| {
| return *(signal (0, 0)) (0) == 1;
|   ;
|   return 0;
| }
configure:13577: result: void
configure:13585: checking whether lstat correctly handles trailing slash
configure:13611: gcc -o conftest -g -O2   conftest.c -lz -lm  >&5
configure:13611: $? = 0
configure:13611: ./conftest
configure:13611: $? = 0
configure:13628: result: yes
configure:13647: checking whether stat accepts an empty string
configure:13667: gcc -o conftest -g -O2   conftest.c -lz -lm  >&5
configure:13667: $? = 0
configure:13667: ./conftest
configure:13667: $? = 0
configure:13677: result: no
configure:13696: checking for floor
configure:13696: gcc -o conftest -g -O2   conftest.c -lz -lm  >&5
conftest.c:75:6: warning: conflicting types for built-in function 'floor' [-Wbuiltin-declaration-mismatch]
 char floor ();
      ^~~~~
configure:13696: $? = 0
configure:13696: result: yes
configure:13696: checking for getcwd
configure:13696: gcc -o conftest -g -O2   conftest.c -lz -lm  >&5
configure:13696: $? = 0
configure:13696: result: yes
configure:13696: checking for gethostbyname
configure:13696: gcc -o conftest -g -O2   conftest.c -lz -lm  >&5
configure:13696: $? = 0
configure:13696: result: yes
configure:13696: checking for isascii
configure:13696: gcc -o conftest -g -O2   conftest.c -lz -lm  >&5
conftest.c:78:6: warning: conflicting types for built-in function 'isascii' [-Wbuiltin-declaration-mismatch]
 char isascii ();
      ^~~~~~~
configure:13696: $? = 0
configure:13696: result: yes
configure:13696: checking for memset
configure:13696: gcc -o conftest -g -O2   conftest.c -lz -lm  >&5
conftest.c:79:6: warning: conflicting types for built-in function 'memset' [-Wbuiltin-declaration-mismatch]
 char memset ();
      ^~~~~~
configure:13696: $? = 0
configure:13696: result: yes
configure:13696: checking for pow
configure:13696: gcc -o conftest -g -O2   conftest.c -lz -lm  >&5
conftest.c:80:6: warning: conflicting types for built-in function 'pow' [-Wbuiltin-declaration-mismatch]
 char pow ();
      ^~~
configure:13696: $? = 0
configure:13696: result: yes
configure:13696: checking for rint
configure:13696: gcc -o conftest -g -O2   conftest.c -lz -lm  >&5
conftest.c:81:6: warning: conflicting types for built-in function 'rint' [-Wbuiltin-declaration-mismatch]
 char rint ();
      ^~~~
configure:13696: $? = 0
configure:13696: result: yes
configure:13696: checking for socket
configure:13696: gcc -o conftest -g -O2   conftest.c -lz -lm  >&5
configure:13696: $? = 0
configure:13696: result: yes
configure:13696: checking for sqrt
configure:13696: gcc -o conftest -g -O2   conftest.c -lz -lm  >&5
conftest.c:83:6: warning: conflicting types for built-in function 'sqrt' [-Wbuiltin-declaration-mismatch]
 char sqrt ();
      ^~~~
configure:13696: $? = 0
configure:13696: result: yes
configure:13696: checking for strchr
configure:13696: gcc -o conftest -g -O2   conftest.c -lz -lm  >&5
conftest.c:84:6: warning: conflicting types for built-in function 'strchr' [-Wbuiltin-declaration-mismatch]
 char strchr ();
      ^~~~~~
configure:13696: $? = 0
configure:13696: result: yes
configure:13696: checking for strcspn
configure:13696: gcc -o conftest -g -O2   conftest.c -lz -lm  >&5
conftest.c:85:6: warning: conflicting types for built-in function 'strcspn' [-Wbuiltin-declaration-mismatch]
 char strcspn ();
      ^~~~~~~
configure:13696: $? = 0
configure:13696: result: yes
configure:13696: checking for strdup
configure:13696: gcc -o conftest -g -O2   conftest.c -lz -lm  >&5
conftest.c:86:6: warning: conflicting types for built-in function 'strdup' [-Wbuiltin-declaration-mismatch]
 char strdup ();
      ^~~~~~
configure:13696: $? = 0
configure:13696: result: yes
configure:13696: checking for strspn
configure:13696: gcc -o conftest -g -O2   conftest.c -lz -lm  >&5
conftest.c:87:6: warning: conflicting types for built-in function 'strspn' [-Wbuiltin-declaration-mismatch]
 char strspn ();
      ^~~~~~
configure:13696: $? = 0
configure:13696: result: yes
configure:13696: checking for strstr
configure:13696: gcc -o conftest -g -O2   conftest.c -lz -lm  >&5
conftest.c:88:6: warning: conflicting types for built-in function 'strstr' [-Wbuiltin-declaration-mismatch]
 char strstr ();
      ^~~~~~
configure:13696: $? = 0
configure:13696: result: yes
configure:13707: checking for strlcpy
configure:13707: gcc -o conftest -g -O2   conftest.c -lz -lm  >&5
/tmp/ccILdblg.o: In function `main':
/home/manish/Desktop/reorganization/MotifFinderHomer/deps/kb_meme/meme-5.0.1/conftest.c:100: undefined reference to `strlcpy'
collect2: error: ld returned 1 exit status
configure:13707: $? = 1
configure: failed program was:
| /* confdefs.h */
| #define PACKAGE_NAME "meme"
| #define PACKAGE_TARNAME "meme"
| #define PACKAGE_VERSION "5.0.1"
| #define PACKAGE_STRING "meme 5.0.1"
| #define PACKAGE_BUGREPORT ""
| #define PACKAGE_URL ""
| #define PACKAGE "meme"
| #define VERSION "5.0.1"
| #define STDC_HEADERS 1
| #define HAVE_SYS_TYPES_H 1
| #define HAVE_SYS_STAT_H 1
| #define HAVE_STDLIB_H 1
| #define HAVE_STRING_H 1
| #define HAVE_MEMORY_H 1
| #define HAVE_STRINGS_H 1
| #define HAVE_INTTYPES_H 1
| #define HAVE_STDINT_H 1
| #define HAVE_UNISTD_H 1
| #define HAVE_DLFCN_H 1
| #define LT_OBJDIR ".libs/"
| #define HOSTNAME "manish-Inspiron-7586"
| #define HAVE_LIBM 1
| #define HAVE_LIBZ 1
| #define STDC_HEADERS 1
| #define HAVE_SYS_WAIT_H 1
| #define HAVE_ARPA_INET_H 1
| #define HAVE_CTYPE_H 1
| #define HAVE_FCNTL_H 1
| #define HAVE_LIMITS_H 1
| #define HAVE_NETDB_H 1
| #define HAVE_NETINET_IN_H 1
| #define HAVE_STDLIB_H 1
| #define HAVE_STRING_H 1
| #define HAVE_STRINGS_H 1
| #define HAVE_SYS_SOCKET_H 1
| #define HAVE_SYS_TIME_H 1
| #define HAVE_UNISTD_H 1
| #define HAVE__BOOL 1
| #define HAVE_STDBOOL_H 1
| #define HAVE_FORK 1
| #define HAVE_VFORK 1
| #define HAVE_WORKING_VFORK 1
| #define HAVE_WORKING_FORK 1
| #define HAVE_STDLIB_H 1
| #define HAVE_MALLOC 1
| #define HAVE_STDLIB_H 1
| #define HAVE_REALLOC 1
| #define RETSIGTYPE void
| #define LSTAT_FOLLOWS_SLASHED_SYMLINK 1
| #define HAVE_FLOOR 1
| #define HAVE_GETCWD 1
| #define HAVE_GETHOSTBYNAME 1
| #define HAVE_ISASCII 1
| #define HAVE_MEMSET 1
| #define HAVE_POW 1
| #define HAVE_RINT 1
| #define HAVE_SOCKET 1
| #define HAVE_SQRT 1
| #define HAVE_STRCHR 1
| #define HAVE_STRCSPN 1
| #define HAVE_STRDUP 1
| #define HAVE_STRSPN 1
| #define HAVE_STRSTR 1
| /* end confdefs.h.  */
| /* Define strlcpy to an innocuous variant, in case <limits.h> declares strlcpy.
|    For example, HP-UX 11i <limits.h> declares gettimeofday.  */
| #define strlcpy innocuous_strlcpy
| 
| /* System header to define __stub macros and hopefully few prototypes,
|     which can conflict with char strlcpy (); below.
|     Prefer <limits.h> to <assert.h> if __STDC__ is defined, since
|     <limits.h> exists even on freestanding compilers.  */
| 
| #ifdef __STDC__
| # include <limits.h>
| #else
| # include <assert.h>
| #endif
| 
| #undef strlcpy
| 
| /* Override any GCC internal prototype to avoid an error.
|    Use char because int might match the return type of a GCC
|    builtin and then its argument prototype would still apply.  */
| #ifdef __cplusplus
| extern "C"
| #endif
| char strlcpy ();
| /* The GNU C library defines this for functions which it implements
|     to always fail with ENOSYS.  Some functions are actually named
|     something starting with __ and the normal name is an alias.  */
| #if defined __stub_strlcpy || defined __stub___strlcpy
| choke me
| #endif
| 
| int
| main ()
| {
| return strlcpy ();
|   ;
|   return 0;
| }
configure:13707: result: no
configure:13778: WARNING: libxslt library not found
configure:14131: checking for mpicc
configure:14164: result: no
configure:14131: checking for openmpicc
configure:14164: result: no
configure:14131: checking for mpcc
configure:14164: result: no
configure:14176: checking for mpirun
configure:14209: result: no
configure:14176: checking for openmpirun
configure:14209: result: no
configure:14561: checking for perl
configure:14591: result: /usr/bin/perl
configure:14615: checking for python
configure:14645: result: /usr/bin/python
configure:14677: checking for python3
configure:14695: found /usr/bin/python3
configure:14707: result: /usr/bin/python3
configure:14739: checking for convert
configure:14769: result: /usr/bin/convert
configure:14794: checking for gs
configure:14824: result: /usr/bin/gs
configure:15017: checking that generated files are newer than configure
configure:15023: result: done
configure:15090: creating ./config.status

## ---------------------- ##
## Running config.status. ##
## ---------------------- ##

This file was extended by meme config.status 5.0.1, which was
generated by GNU Autoconf 2.69.  Invocation command line was

  CONFIG_FILES    = 
  CONFIG_HEADERS  = 
  CONFIG_LINKS    = 
  CONFIG_COMMANDS = 
  $ ./config.status 

on manish-Inspiron-7586

config.status:1253: creating Makefile
config.status:1253: creating doc/Makefile
config.status:1253: creating doc/css/Makefile
config.status:1253: creating doc/examples/Makefile
config.status:1253: creating doc/examples/compute_prior_dist_example_output_files/Makefile
config.status:1253: creating doc/examples/sample_opal_scripts/Makefile
config.status:1253: creating doc/images/Makefile
config.status:1253: creating doc/js/Makefile
config.status:1253: creating etc/Makefile
config.status:1253: creating src/filters/Makefile
config.status:1253: creating src/filters/purge/Makefile
config.status:1253: creating src/filters/dust/Makefile
config.status:1253: creating scripts/Makefile
config.status:1253: creating src/Makefile
config.status:1253: creating src/libxml2/Makefile
config.status:1253: creating src/libxml2/include/Makefile
config.status:1253: creating src/libxml2/include/libxml/Makefile
config.status:1253: creating src/libxslt/Makefile
config.status:1253: creating src/libexslt/Makefile
config.status:1253: creating src/parallel/Makefile
config.status:1253: creating tests/Makefile
config.status:1253: creating tests/ame/Makefile
config.status:1253: creating tests/centrimo/Makefile
config.status:1253: creating tests/clustalw2fasta/Makefile
config.status:1253: creating tests/common/Makefile
config.status:1253: creating tests/common/motif.crp0/Makefile
config.status:1253: creating tests/common/motif.Puf3p/Makefile
config.status:1253: creating tests/create-priors/Makefile
config.status:1253: creating tests/draw-mhmm/Makefile
config.status:1253: creating tests/dreme/Makefile
config.status:1253: creating tests/fasta-center/Makefile
config.status:1253: creating tests/fimo/Makefile
config.status:1253: creating tests/glam2/Makefile
config.status:1253: creating tests/glam2scan/Makefile
config.status:1253: creating tests/gomo/Makefile
config.status:1253: creating tests/mast/Makefile
config.status:1253: creating tests/mcast/Makefile
config.status:1253: creating tests/meme/Makefile
config.status:1253: creating tests/meme-chip/Makefile
config.status:1253: creating tests/mhmm/Makefile
config.status:1253: creating tests/mhmms/Makefile
config.status:1253: creating tests/mhmmscan/Makefile
config.status:1253: creating tests/momo/Makefile
config.status:1253: creating tests/motiph/Makefile
config.status:1253: creating tests/psp-gen/Makefile
config.status:1253: creating tests/qvalue/Makefile
config.status:1253: creating tests/scaffold/Makefile
config.status:1253: creating tests/spamo/Makefile
config.status:1253: creating tests/scripts/Makefile
config.status:1253: creating tests/tomtom/Makefile
config.status:1253: creating tests/web/Makefile
config.status:1253: creating config.h
config.status:1482: executing depfiles commands
config.status:1482: executing libtool commands
configure:17301: WARNING:     
Checking Required Perl Modules:
HTML::Template missing.
JSON missing.

Checking Optional Modules:
Log::Log4perl missing. Used for logging and debugging by developers.
Math::CDF missing. Only required for fasta-enriched-center script (which is not called by the web scripts).
XML::Compile::SOAP11 missing. Used for downloading sequence databases from RSAT.
On Ubuntu, you may first need to run 'sudo apt-get install libxml2-dev'
XML::Compile::WSDL11 missing. Used for downloading sequence databases from RSAT
XML::Compile::Transport::SOAPHTTP missing. Used for downloading sequence databases from RSAT   

## ---------------- ##
## Cache variables. ##
## ---------------- ##

ac_cv_build=x86_64-unknown-linux-gnu
ac_cv_c_compiler_gnu=yes
ac_cv_c_const=yes
ac_cv_env_CC_set=
ac_cv_env_CC_value=
ac_cv_env_CFLAGS_set=
ac_cv_env_CFLAGS_value=
ac_cv_env_CPPFLAGS_set=
ac_cv_env_CPPFLAGS_value=
ac_cv_env_CPP_set=
ac_cv_env_CPP_value=
ac_cv_env_LDFLAGS_set=
ac_cv_env_LDFLAGS_value=
ac_cv_env_LIBS_set=
ac_cv_env_LIBS_value=
ac_cv_env_LT_SYS_LIBRARY_PATH_set=
ac_cv_env_LT_SYS_LIBRARY_PATH_value=
ac_cv_env_build_alias_set=
ac_cv_env_build_alias_value=
ac_cv_env_host_alias_set=
ac_cv_env_host_alias_value=
ac_cv_env_target_alias_set=
ac_cv_env_target_alias_value=
ac_cv_func_floor=yes
ac_cv_func_fork=yes
ac_cv_func_fork_works=yes
ac_cv_func_getcwd=yes
ac_cv_func_gethostbyname=yes
ac_cv_func_isascii=yes
ac_cv_func_lstat_dereferences_slashed_symlink=yes
ac_cv_func_malloc_0_nonnull=yes
ac_cv_func_memset=yes
ac_cv_func_pow=yes
ac_cv_func_realloc_0_nonnull=yes
ac_cv_func_rint=yes
ac_cv_func_socket=yes
ac_cv_func_sqrt=yes
ac_cv_func_stat_empty_string_bug=no
ac_cv_func_strchr=yes
ac_cv_func_strcspn=yes
ac_cv_func_strdup=yes
ac_cv_func_strlcpy=no
ac_cv_func_strspn=yes
ac_cv_func_strstr=yes
ac_cv_func_vfork=yes
ac_cv_func_vfork_works=yes
ac_cv_header_arpa_inet_h=yes
ac_cv_header_ctype_h=yes
ac_cv_header_dlfcn_h=yes
ac_cv_header_fcntl_h=yes
ac_cv_header_inttypes_h=yes
ac_cv_header_limits_h=yes
ac_cv_header_memory_h=yes
ac_cv_header_netdb_h=yes
ac_cv_header_netinet_in_h=yes
ac_cv_header_stdbool_h=yes
ac_cv_header_stdc=yes
ac_cv_header_stdint_h=yes
ac_cv_header_stdlib_h=yes
ac_cv_header_string_h=yes
ac_cv_header_strings_h=yes
ac_cv_header_sys_socket_h=yes
ac_cv_header_sys_stat_h=yes
ac_cv_header_sys_time_h=yes
ac_cv_header_sys_types_h=yes
ac_cv_header_sys_wait_h=yes
ac_cv_header_unistd_h=yes
ac_cv_header_vfork_h=no
ac_cv_host=x86_64-unknown-linux-gnu
ac_cv_lib_m_isnan__sqrt__log__exp__fabs__pow__floor__ceil=yes
ac_cv_lib_z_compress=yes
ac_cv_objext=o
ac_cv_path_CONVERT=/usr/bin/convert
ac_cv_path_EGREP='/bin/grep -E'
ac_cv_path_FGREP='/bin/grep -F'
ac_cv_path_GHOSTSCRIPT=/usr/bin/gs
ac_cv_path_GREP=/bin/grep
ac_cv_path_LD='/usr/bin/ld -m elf_x86_64'
ac_cv_path_PERL=/usr/bin/perl
ac_cv_path_PYTHON3=/usr/bin/python3
ac_cv_path_PYTHON=/usr/bin/python
ac_cv_path_SED=/bin/sed
ac_cv_path_SENDMAIL=/usr/lib/sendmail
ac_cv_path_XML2_CONFIG=/usr/bin/xml2-config
ac_cv_path_install='/usr/bin/install -c'
ac_cv_path_lt_DD=/bin/dd
ac_cv_path_mkdir=/bin/mkdir
ac_cv_prog_AWK=mawk
ac_cv_prog_CPP='gcc -E'
ac_cv_prog_ac_ct_AR=ar
ac_cv_prog_ac_ct_CC=gcc
ac_cv_prog_ac_ct_MANIFEST_TOOL=mt
ac_cv_prog_ac_ct_OBJDUMP=objdump
ac_cv_prog_ac_ct_RANLIB=ranlib
ac_cv_prog_ac_ct_STRIP=strip
ac_cv_prog_cc_c89=
ac_cv_prog_cc_g=yes
ac_cv_prog_cc_gcc_c_o=yes
ac_cv_prog_make_make_set=yes
ac_cv_type__Bool=yes
ac_cv_type_pid_t=yes
ac_cv_type_signal=void
ac_cv_type_size_t=yes
am_cv_CC_dependencies_compiler_type=gcc3
am_cv_make_support_nested_variables=yes
am_cv_prog_cc_c_o=yes
lt_cv_ar_at_file=@
lt_cv_archive_cmds_need_lc=no
lt_cv_deplibs_check_method=pass_all
lt_cv_file_magic_cmd='$MAGIC_CMD'
lt_cv_file_magic_test_file=
lt_cv_ld_reload_flag=-r
lt_cv_nm_interface='BSD nm'
lt_cv_objdir=.libs
lt_cv_path_LD=/usr/bin/ld
lt_cv_path_NM='/usr/bin/nm -B'
lt_cv_path_mainfest_tool=no
lt_cv_prog_compiler_c_o=yes
lt_cv_prog_compiler_pic='-fPIC -DPIC'
lt_cv_prog_compiler_pic_works=yes
lt_cv_prog_compiler_rtti_exceptions=no
lt_cv_prog_compiler_static_works=yes
lt_cv_prog_gnu_ld=yes
lt_cv_sharedlib_from_linklib_cmd='printf %s\n'
lt_cv_shlibpath_overrides_runpath=yes
lt_cv_sys_global_symbol_pipe='sed -n -e '\''s/^.*[	 ]\([ABCDGIRSTW][ABCDGIRSTW]*\)[	 ][	 ]*\([_A-Za-z][_A-Za-z0-9]*\)$/\1 \2 \2/p'\'' | sed '\''/ __gnu_lto/d'\'''
lt_cv_sys_global_symbol_to_c_name_address='sed -n -e '\''s/^: \(.*\) .*$/  {"\1", (void *) 0},/p'\'' -e '\''s/^[ABCDGIRSTW][ABCDGIRSTW]* .* \(.*\)$/  {"\1", (void *) \&\1},/p'\'''
lt_cv_sys_global_symbol_to_c_name_address_lib_prefix='sed -n -e '\''s/^: \(.*\) .*$/  {"\1", (void *) 0},/p'\'' -e '\''s/^[ABCDGIRSTW][ABCDGIRSTW]* .* \(lib.*\)$/  {"\1", (void *) \&\1},/p'\'' -e '\''s/^[ABCDGIRSTW][ABCDGIRSTW]* .* \(.*\)$/  {"lib\1", (void *) \&\1},/p'\'''
lt_cv_sys_global_symbol_to_cdecl='sed -n -e '\''s/^T .* \(.*\)$/extern int \1();/p'\'' -e '\''s/^[ABCDGIRSTW][ABCDGIRSTW]* .* \(.*\)$/extern char \1;/p'\'''
lt_cv_sys_global_symbol_to_import=
lt_cv_sys_max_cmd_len=1572864
lt_cv_to_host_file_cmd=func_convert_file_noop
lt_cv_to_tool_file_cmd=func_convert_file_noop
lt_cv_truncate_bin='/bin/dd bs=4096 count=1'

## ----------------- ##
## Output variables. ##
## ----------------- ##

ACLOCAL='${SHELL} /home/manish/Desktop/reorganization/MotifFinderHomer/deps/kb_meme/meme-5.0.1/config/missing aclocal-1.15'
AMDEPBACKSLASH='\'
AMDEP_FALSE='#'
AMDEP_TRUE=''
AMTAR='$${TAR-tar}'
AM_BACKSLASH='\'
AM_DEFAULT_V='$(AM_DEFAULT_VERBOSITY)'
AM_DEFAULT_VERBOSITY='1'
AM_V='$(V)'
ANT=''
AR='ar'
AUTOCONF='${SHELL} /home/manish/Desktop/reorganization/MotifFinderHomer/deps/kb_meme/meme-5.0.1/config/missing autoconf'
AUTOHEADER='${SHELL} /home/manish/Desktop/reorganization/MotifFinderHomer/deps/kb_meme/meme-5.0.1/config/missing autoheader'
AUTOMAKE='${SHELL} /home/manish/Desktop/reorganization/MotifFinderHomer/deps/kb_meme/meme-5.0.1/config/missing automake-1.15'
AWK='mawk'
BUILD_LIBXML2_FALSE='#'
BUILD_LIBXML2_TRUE=''
BUILD_LIBXSLT_FALSE='#'
BUILD_LIBXSLT_TRUE=''
CATALINA_HOME=''
CC='gcc'
CCDEPMODE='depmode=gcc3'
CFLAGS='-std=gnu89 -Wall -Wno-unused -DUNIX -D__USE_FIXED_PROTOTYPES__   -O3'
CONTACT=''
CONVERT='/usr/bin/convert'
CPP='gcc -E'
CPPFLAGS=''
CYGPATH_W='echo'
DEBUG_FLAGS=''
DEFS='-DHAVE_CONFIG_H'
DEPDIR='.deps'
DEV_CONTACT='meme-suite@uw.edu'
DLLTOOL='false'
DSYMUTIL=''
DUMPBIN=''
ECHO_C=''
ECHO_N='-n'
ECHO_T=''
EGREP='/bin/grep -E'
EXEEXT=''
EXPIRY='4'
FGREP='/bin/grep -F'
GHOSTSCRIPT='/usr/bin/gs'
GOSERVER_URL='http://amigo.geneontology.org/cgi-bin/amigo/term_details?term=GO_TERM_ID'
GREP='/bin/grep'
HAVE_PYTHON3_FALSE='#'
HAVE_PYTHON3_TRUE=''
HAVE_PYTHON_FALSE='#'
HAVE_PYTHON_TRUE=''
HOSTNAME='manish-Inspiron-7586'
INSTALL_DATA='${INSTALL} -m 644'
INSTALL_PROGRAM='${INSTALL}'
INSTALL_SCRIPT='${INSTALL}'
INSTALL_STRIP_PROGRAM='$(install_sh) -c -s'
LAMBIN=''
LD='/usr/bin/ld -m elf_x86_64'
LDFLAGS=''
LIBEXSLT_CFLAGS='-I${top_srcdir}/src/libexslt'
LIBEXSLT_LIBS='${top_builddir}/src/libexslt/libexslt.la'
LIBOBJS=''
LIBS='-lz -lm '
LIBTOOL='$(SHELL) $(top_builddir)/libtool'
LIBXML2_CFLAGS='-I${top_srcdir}/src/libxml2/include'
LIBXML2_LIBS='${top_builddir}/src/libxml2/libxml2.la'
LIBXSLT_CFLAGS='-I${top_srcdir}/src/'
LIBXSLT_LIBS='${top_builddir}/src/libxslt/libxslt.la'
LIPO=''
LN_S='ln -s'
LTLIBOBJS=''
LT_SYS_LIBRARY_PATH=''
MACHID='linux'
MAKEINFO='${SHELL} /home/manish/Desktop/reorganization/MotifFinderHomer/deps/kb_meme/meme-5.0.1/config/missing makeinfo'
MANIFEST_TOOL=':'
MAST_PORT=''
MAXTIME='18000'
MEME_DB='${datarootdir}/${PACKAGE_NAME}-5.0.1/db'
MEME_DIRECTORY='${prefix}'
MEME_LOGS='${localstatedir}/${PACKAGE_NAME}-5.0.1/LOGS'
MEME_PORT=''
MEME_TEMP=''
METAMEME_EXTERNAL_FALSE=''
METAMEME_EXTERNAL_TRUE='#'
MKDIR_P='/bin/mkdir -p'
MPICC='gcc'
MPIFLAGS=''
MPIINC=''
MPILIBDIR=''
MPIRUN=''
MPITYPE=''
MPI_CMD=''
NEWS_URL='./news.txt'
NM='/usr/bin/nm -B'
NMEDIT=''
NOTICES_URL='./notices.txt'
OBJDUMP='objdump'
OBJEXT='o'
OPAL_DEPLOY=''
OPAL_URL='no'
OPT_FLAGS='-O3'
OTOOL64=''
OTOOL=''
PACKAGE='meme'
PACKAGE_BUGREPORT=''
PACKAGE_NAME='meme'
PACKAGE_STRING='meme 5.0.1'
PACKAGE_TARNAME='meme'
PACKAGE_URL=''
PACKAGE_VERSION='5.0.1'
PARALLEL_FALSE=''
PARALLEL_IS_LAM_FALSE=''
PARALLEL_IS_LAM_TRUE='#'
PARALLEL_TRUE='#'
PATH_SEPARATOR=':'
PERL='/usr/bin/perl'
PREV_URL=''
PREV_VER=''
PYTHON3='/usr/bin/python3'
PYTHON='/usr/bin/python'
QUOTA=''
RANLIB='ranlib'
SED='/bin/sed'
SENDMAIL='/usr/lib/sendmail'
SET_MAKE=''
SHELL='/bin/bash'
STRIP='strip'
URL='http://meme-suite.org'
VERSION='5.0.1'
WANT_STRLCPY_FALSE='#'
WANT_STRLCPY_TRUE=''
WEBEITHER_FALSE=''
WEBEITHER_TRUE='#'
WEBSERVICE=''
WEBSERVICE_FALSE=''
WEBSERVICE_TRUE='#'
WEBSITE_FALSE=''
WEBSITE_TRUE='#'
XML2_CONFIG='/usr/bin/xml2-config'
XSLT_CONFIG=''
ac_ct_AR='ar'
ac_ct_CC='gcc'
ac_ct_DUMPBIN=''
am__EXEEXT_FALSE=''
am__EXEEXT_TRUE='#'
am__fastdepCC_FALSE='#'
am__fastdepCC_TRUE=''
am__include='include'
am__isrc=''
am__leading_dot='.'
am__nodep='_no'
am__quote=''
am__tar='$${TAR-tar} chof - "$$tardir"'
am__untar='$${TAR-tar} xf -'
bindir='${exec_prefix}/bin'
build='x86_64-unknown-linux-gnu'
build_alias=''
build_cpu='x86_64'
build_os='linux-gnu'
build_vendor='unknown'
datadir='${datarootdir}'
datarootdir='${prefix}/share'
docdir='${datarootdir}/doc/${PACKAGE_TARNAME}'
dvidir='${docdir}'
exec_prefix='${prefix}'
host='x86_64-unknown-linux-gnu'
host_alias=''
host_cpu='x86_64'
host_os='linux-gnu'
host_vendor='unknown'
htmldir='${docdir}'
includedir='${prefix}/include'
infodir='${datarootdir}/info'
install_sh='${SHELL} /home/manish/Desktop/reorganization/MotifFinderHomer/deps/kb_meme/meme-5.0.1/config/install-sh'
libdir='${exec_prefix}/lib'
libexecdir='${exec_prefix}/libexec'
localedir='${datarootdir}/locale'
localstatedir='${prefix}/var'
mandir='${datarootdir}/man'
mkdir_p='$(MKDIR_P)'
oldincludedir='/usr/include'
pdfdir='${docdir}'
prefix=''
program_transform_name='s,x,x,'
psdir='${docdir}'
sbindir='${exec_prefix}/sbin'
sharedstatedir='${prefix}/com'
sysconfdir='${prefix}/etc'
target_alias=''

## ----------- ##
## confdefs.h. ##
## ----------- ##

/* confdefs.h */
#define PACKAGE_NAME "meme"
#define PACKAGE_TARNAME "meme"
#define PACKAGE_VERSION "5.0.1"
#define PACKAGE_STRING "meme 5.0.1"
#define PACKAGE_BUGREPORT ""
#define PACKAGE_URL ""
#define PACKAGE "meme"
#define VERSION "5.0.1"
#define STDC_HEADERS 1
#define HAVE_SYS_TYPES_H 1
#define HAVE_SYS_STAT_H 1
#define HAVE_STDLIB_H 1
#define HAVE_STRING_H 1
#define HAVE_MEMORY_H 1
#define HAVE_STRINGS_H 1
#define HAVE_INTTYPES_H 1
#define HAVE_STDINT_H 1
#define HAVE_UNISTD_H 1
#define HAVE_DLFCN_H 1
#define LT_OBJDIR ".libs/"
#define HOSTNAME "manish-Inspiron-7586"
#define HAVE_LIBM 1
#define HAVE_LIBZ 1
#define STDC_HEADERS 1
#define HAVE_SYS_WAIT_H 1
#define HAVE_ARPA_INET_H 1
#define HAVE_CTYPE_H 1
#define HAVE_FCNTL_H 1
#define HAVE_LIMITS_H 1
#define HAVE_NETDB_H 1
#define HAVE_NETINET_IN_H 1
#define HAVE_STDLIB_H 1
#define HAVE_STRING_H 1
#define HAVE_STRINGS_H 1
#define HAVE_SYS_SOCKET_H 1
#define HAVE_SYS_TIME_H 1
#define HAVE_UNISTD_H 1
#define HAVE__BOOL 1
#define HAVE_STDBOOL_H 1
#define HAVE_FORK 1
#define HAVE_VFORK 1
#define HAVE_WORKING_VFORK 1
#define HAVE_WORKING_FORK 1
#define HAVE_STDLIB_H 1
#define HAVE_MALLOC 1
#define HAVE_STDLIB_H 1
#define HAVE_REALLOC 1
#define RETSIGTYPE void
#define LSTAT_FOLLOWS_SLASHED_SYMLINK 1
#define HAVE_FLOOR 1
#define HAVE_GETCWD 1
#define HAVE_GETHOSTBYNAME 1
#define HAVE_ISASCII 1
#define HAVE_MEMSET 1
#define HAVE_POW 1
#define HAVE_RINT 1
#define HAVE_SOCKET 1
#define HAVE_SQRT 1
#define HAVE_STRCHR 1
#define HAVE_STRCSPN 1
#define HAVE_STRDUP 1
#define HAVE_STRSPN 1
#define HAVE_STRSTR 1
#define Linux /**/
#define SITE_URL "http://meme-suite.org"
#define PERL "/usr/bin/perl"
#define PYTHON "/usr/bin/python"
#define PYTHON3 "/usr/bin/python3"
#define CONVERT_PATH "/usr/bin/convert"
#define GHOSTSCRIPT_PATH "/usr/bin/gs"

configure: exit 0
